IQ-TREE multicore version 1.6.12 for Linux 64-bit built Aug 15 2019
Developed by Bui Quang Minh, Nguyen Lam Tung, Olga Chernomor,
Heiko Schmidt, Dominik Schrempf, Michael Woodhams.

Host:    minsky (AVX2, FMA3, 503 GB RAM)
Command: ../../iqtree -s H1avN2_France_2020-2022.HA.mafft.fasta -st DNA -m TESTNEW -bb 1000 -alrt 1000
Seed:    217790 (Using SPRNG - Scalable Parallel Random Number Generator)
Time:    Tue Oct  8 14:01:29 2024
Kernel:  AVX+FMA - 1 threads (128 CPU cores detected)

HINT: Use -nt option to specify number of threads because your CPU has 128 cores!
HINT: -nt AUTO will automatically determine the best number of threads to use.

Reading alignment file H1avN2_France_2020-2022.HA.mafft.fasta ... Fasta format detected
Alignment most likely contains DNA/RNA sequences
Alignment has 147 sequences with 1743 columns, 294 distinct patterns
146 parsimony-informative, 202 singleton sites, 1395 constant sites
WARNING: Some sequence names are changed as follows:
A/sw/France/44-200139/2020_NE_44_2020.30277777778 -> A_sw_France_44-200139_2020_NE_44_2020.30277777778
A/sw/France/56-200169/2020_PSE_56_2020.34166666667 -> A_sw_France_56-200169_2020_PSE_56_2020.34166666667
A/sw/France/22-200322/2020_NPS_22_2020.39444444444 -> A_sw_France_22-200322_2020_NPS_22_2020.39444444444
A/sw/France/22-200286/2020_NE_22_2020.41388888889 -> A_sw_France_22-200286_2020_NE_22_2020.41388888889
A/sw/France/22-200278/2020_NE_22_2020.425 -> A_sw_France_22-200278_2020_NE_22_2020.425
A/sw/France/72-200277/2020_N_72_2020.43055555556 -> A_sw_France_72-200277_2020_N_72_2020.43055555556
A/sw/France/29-200324/2020_NE_29_2020.44722222222 -> A_sw_France_29-200324_2020_NE_29_2020.44722222222
A/sw/France/22-200229/2020_NE_22_2020.48333333333 -> A_sw_France_22-200229_2020_NE_22_2020.48333333333
A/sw/France/53-210237--123/2021_NE_53_2021.03333333333 -> A_sw_France_53-210237--123_2021_NE_53_2021.03333333333
A/sw/France/79-210235-4/2021_NE_79_2021.03888888889 -> A_sw_France_79-210235-4_2021_NE_79_2021.03888888889
A/sw/France/35-210254-2/2021_NE_35_2021.07222222222 -> A_sw_France_35-210254-2_2021_NE_35_2021.07222222222
A/sw/France/22-210301-6/2021_NE_22_2021.13055555556 -> A_sw_France_22-210301-6_2021_NE_22_2021.13055555556
A/sw/France/22-220119-1/2022_NE_22_2022.04444444444 -> A_sw_France_22-220119-1_2022_NE_22_2022.04444444444
A/sw/France/22-200456-2/2020_NE_22_2020.51388888889 -> A_sw_France_22-200456-2_2020_NE_22_2020.51388888889
A/sw/France/22-210311-1/2021_NE_22_2021.21388888889 -> A_sw_France_22-210311-1_2021_NE_22_2021.21388888889
A/sw/France/22-200249/2020_NE_22_2020.57222222222 -> A_sw_France_22-200249_2020_NE_22_2020.57222222222
A/sw/France/22-200239/2020_NE_22_2020.54722222222 -> A_sw_France_22-200239_2020_NE_22_2020.54722222222
A/sw/France/22-200237/2020_NE_22_2020.55 -> A_sw_France_22-200237_2020_NE_22_2020.55
A/sw/France/22-210252-1/2021_N_22_2021.07222222222 -> A_sw_France_22-210252-1_2021_N_22_2021.07222222222
A/sw/France/22-210267-4/2021_NE_22_2021.27222222222 -> A_sw_France_22-210267-4_2021_NE_22_2021.27222222222
A/sw/France/22-210512-5/2021_NE_22_2021.80555555556 -> A_sw_France_22-210512-5_2021_NE_22_2021.80555555556
A/sw/France/22-210295-4/2021_NE_22_2021.32222222222 -> A_sw_France_22-210295-4_2021_NE_22_2021.32222222222
A/sw/France/22-210505-3/2021_PSE_22_2021.77777777778 -> A_sw_France_22-210505-3_2021_PSE_22_2021.77777777778
A/sw/France/22-200260/2020_E_22_2020.58333333333 -> A_sw_France_22-200260_2020_E_22_2020.58333333333
A/sw/France/22-200454-1/2020_NE_22_2020.54444444444 -> A_sw_France_22-200454-1_2020_NE_22_2020.54444444444
A/sw/France/22-200177/2020_NE_22_2020.44444444444 -> A_sw_France_22-200177_2020_NE_22_2020.44444444444
A/sw/France/22-200176/2020_PSE_22_2020.43611111111 -> A_sw_France_22-200176_2020_PSE_22_2020.43611111111
A/sw/France/22-200228/2020_N_22_2020.44444444444 -> A_sw_France_22-200228_2020_N_22_2020.44444444444
A/sw/France/22-200113/2020_NE_22_2020.34444444444 -> A_sw_France_22-200113_2020_NE_22_2020.34444444444
A/sw/France/22-200213/2020_NE_22_2020.525 -> A_sw_France_22-200213_2020_NE_22_2020.525
A/sw/France/22-200241/2020_NE_22_2020.54722222222 -> A_sw_France_22-200241_2020_NE_22_2020.54722222222
A/sw/France/22-200235/2020_NE_22_2020.54444444444 -> A_sw_France_22-200235_2020_NE_22_2020.54444444444
A/sw/France/22-200436-2/2020_NE_22_2020.55555555556 -> A_sw_France_22-200436-2_2020_NE_22_2020.55555555556
A/sw/France/22-200258/2020_NE_22_2020.58611111111 -> A_sw_France_22-200258_2020_NE_22_2020.58611111111
A/sw/France/22-200210/2020_NE_22_2020.51388888889 -> A_sw_France_22-200210_2020_NE_22_2020.51388888889
A/sw/France/22-210317-2/2021_N_22_2021.21666666667 -> A_sw_France_22-210317-2_2021_N_22_2021.21666666667
A/sw/France/22-200283/2020_PSE_22_2020.45833333333 -> A_sw_France_22-200283_2020_PSE_22_2020.45833333333
A/sw/France/22-210030-2/2020_NE_22_2020.56944444444 -> A_sw_France_22-210030-2_2020_NE_22_2020.56944444444
A/sw/France/22-200242/2020_NE_22_2020.56111111111 -> A_sw_France_22-200242_2020_NE_22_2020.56111111111
A/sw/France/22-210234-2/2021_NE_22_2021.05277777778 -> A_sw_France_22-210234-2_2021_NE_22_2021.05277777778
A/sw/France/22-200281/2020_NE_22_2020.45277777778 -> A_sw_France_22-200281_2020_NE_22_2020.45277777778
A/sw/France/22-210119-1/2020_NE_22_2020.95277777778 -> A_sw_France_22-210119-1_2020_NE_22_2020.95277777778
A/sw/France/22-200382-2/2020_NE_22_2020.53611111111 -> A_sw_France_22-200382-2_2020_NE_22_2020.53611111111
A/sw/France/22-210039-1/2020_NE_22_2020.50555555556 -> A_sw_France_22-210039-1_2020_NE_22_2020.50555555556
A/sw/France/22-200175/2020_PSE_22_2020.43888888889 -> A_sw_France_22-200175_2020_PSE_22_2020.43888888889
A/sw/France/22-200486-1/2020_NE_22_2020.54722222222 -> A_sw_France_22-200486-1_2020_NE_22_2020.54722222222
A/sw/France/22-200215/2020_NE_22_2020.53333333333 -> A_sw_France_22-200215_2020_NE_22_2020.53333333333
A/sw/France/22-200207/2020_PSE_22_2020.44722222222 -> A_sw_France_22-200207_2020_PSE_22_2020.44722222222
A/sw/France/22-210399-2/2021_NE_22_2021.26666666667 -> A_sw_France_22-210399-2_2021_NE_22_2021.26666666667
A/sw/France/22-210446-1/2021_NE_22_2021.40555555556 -> A_sw_France_22-210446-1_2021_NE_22_2021.40555555556
A/sw/France/22-200413/2020_NE_22_2020.475 -> A_sw_France_22-200413_2020_NE_22_2020.475
A/sw/France/22-200212/2020_NE_22_2020.51944444444 -> A_sw_France_22-200212_2020_NE_22_2020.51944444444
A/sw/France/22-210232-2/2021_NE_22_2021.04722222222 -> A_sw_France_22-210232-2_2021_NE_22_2021.04722222222
A/sw/France/22-200173/2020_E_22_2020.43888888889 -> A_sw_France_22-200173_2020_E_22_2020.43888888889
A/sw/France/22-200171/2020_NE_22_2020.28888888889 -> A_sw_France_22-200171_2020_NE_22_2020.28888888889
A/sw/France/22-200255/2020_NE_22_2020.575 -> A_sw_France_22-200255_2020_NE_22_2020.575
A/sw/France/22-200236/2020_NE_22_2020.54444444444 -> A_sw_France_22-200236_2020_NE_22_2020.54444444444
A/sw/France/22-200435-1/2020_PSE_22_2020.55833333333 -> A_sw_France_22-200435-1_2020_PSE_22_2020.55833333333
A/sw/France/22-230181-1/2022_NE_22_2022.93055555556 -> A_sw_France_22-230181-1_2022_NE_22_2022.93055555556
A/sw/France/22-200269/2020_NE_22_2020.56388888889 -> A_sw_France_22-200269_2020_NE_22_2020.56388888889
A/sw/France/22-200505-2/2020_NE_22_2020.55555555556 -> A_sw_France_22-200505-2_2020_NE_22_2020.55555555556
A/sw/France/28-200135/2020_NE_28_2020.38333333333 -> A_sw_France_28-200135_2020_NE_28_2020.38333333333
A/sw/France/29-200264/2020_E_29_2020.59444444444 -> A_sw_France_29-200264_2020_E_29_2020.59444444444
A/sw/France/29-200133/2020_NE_29_2020.38055555556 -> A_sw_France_29-200133_2020_NE_29_2020.38055555556
A/sw/France/29-200252/2020_NE_29_2020.56666666667 -> A_sw_France_29-200252_2020_NE_29_2020.56666666667
A/sw/France/29-210515-1/2021_NE_29_2021.825 -> A_sw_France_29-210515-1_2021_NE_29_2021.825
A/sw/France/29-200383-3/2020_NE_29_2020.54722222222 -> A_sw_France_29-200383-3_2020_NE_29_2020.54722222222
A/sw/France/29-200254/2020_NE_29_2020.58055555556 -> A_sw_France_29-200254_2020_NE_29_2020.58055555556
A/sw/France/29-210451-2/2021_NE_29_2021.41944444444 -> A_sw_France_29-210451-2_2021_NE_29_2021.41944444444
A/sw/France/29-220615-2/2022_N_29_2022.727778 -> A_sw_France_29-220615-2_2022_N_29_2022.727778
A/sw/France/29-200185/2020_NE_29_2020.44722222222 -> A_sw_France_29-200185_2020_NE_29_2020.44722222222
A/sw/France/29-220685-3/2022_E_29_2022.916667 -> A_sw_France_29-220685-3_2022_E_29_2022.916667
A/sw/France/29-200263/2020_NE_29_2020.425 -> A_sw_France_29-200263_2020_NE_29_2020.425
A/sw/France/29-220173-1/2022_N_29_2022.04722222222 -> A_sw_France_29-220173-1_2022_N_29_2022.04722222222
A/sw/France/29-210041-1/2020_NE_29_2020.5 -> A_sw_France_29-210041-1_2020_NE_29_2020.5
A/sw/France/29-200507-2/2020_NE_29_2020.56666666667 -> A_sw_France_29-200507-2_2020_NE_29_2020.56666666667
A/sw/France/29-200188/2020_NE_29_2020.45833333333 -> A_sw_France_29-200188_2020_NE_29_2020.45833333333
A/sw/France/35-200052/2020_E_35_2020.13333333333 -> A_sw_France_35-200052_2020_E_35_2020.13333333333
A/sw/France/35-210062-6/2021_PSE_35_2021.02777777778 -> A_sw_France_35-210062-6_2021_PSE_35_2021.02777777778
A/sw/France/35-210129-2/2021_E_35_2021.03055555556 -> A_sw_France_35-210129-2_2021_E_35_2021.03055555556
A/sw/France/35-200425-2/2020_NE_35_2020.46944444444 -> A_sw_France_35-200425-2_2020_NE_35_2020.46944444444
A/sw/France/35-220448-3/2022_NE_35_2022.48888888889 -> A_sw_France_35-220448-3_2022_NE_35_2022.48888888889
A/sw/France/35-200270/2020_NE_35_2020.56111111111 -> A_sw_France_35-200270_2020_NE_35_2020.56111111111
A/sw/France/35-210089-3/2021_NE_35_2021.04722222222 -> A_sw_France_35-210089-3_2021_NE_35_2021.04722222222
A/sw/France/35-210165-4/2021_PSE_35_2021.14166666667 -> A_sw_France_35-210165-4_2021_PSE_35_2021.14166666667
A/sw/France/35-200275/2020_NE_35_2020.55555555556 -> A_sw_France_35-200275_2020_NE_35_2020.55555555556
A/sw/France/35-200508-2/2020_NE_35_2020.55 -> A_sw_France_35-200508-2_2020_NE_35_2020.55
A/sw/France/35-200470-2/2020_NE_35_2020.53888888889 -> A_sw_France_35-200470-2_2020_NE_35_2020.53888888889
A/sw/France/35-200238/2020_NE_35_2020.54722222222 -> A_sw_France_35-200238_2020_NE_35_2020.54722222222
A/sw/France/35-210140-1/2021_NE_35_2021.12222222222 -> A_sw_France_35-210140-1_2021_NE_35_2021.12222222222
A/sw/France/35-210519-2/2021_NE_35_2021.66666666667 -> A_sw_France_35-210519-2_2021_NE_35_2021.66666666667
A/sw/France/35-200332/2020_NE_35_2020.55 -> A_sw_France_35-200332_2020_NE_35_2020.55
A/sw/France/35-200298/2020_PSE_35_2020.55555555556 -> A_sw_France_35-200298_2020_PSE_35_2020.55555555556
A/sw/France/35-200206/2020_NE_35_2020.43888888889 -> A_sw_France_35-200206_2020_NE_35_2020.43888888889
A/sw/France/35-200437-1/2020_NE_35_2020.55555555556 -> A_sw_France_35-200437-1_2020_NE_35_2020.55555555556
A/sw/France/35-200271/2020_NE_35_2020.55833333333 -> A_sw_France_35-200271_2020_NE_35_2020.55833333333
A/sw/France/35-200251/2020_NE_35_2020.57777777778 -> A_sw_France_35-200251_2020_NE_35_2020.57777777778
A/sw/France/35-200438-2/2020_NE_35_2020.49444444444 -> A_sw_France_35-200438-2_2020_NE_35_2020.49444444444
A/sw/France/35-210370-1/2021_NE_35_2021.38611111111 -> A_sw_France_35-210370-1_2021_NE_35_2021.38611111111
A/sw/France/35-210501-6/2021_NE_35_2021.75833333333 -> A_sw_France_35-210501-6_2021_NE_35_2021.75833333333
A/sw/France/35-200299/2020_NE_35_2020.56388888889 -> A_sw_France_35-200299_2020_NE_35_2020.56388888889
A/sw/France/35-200295/2020_NE_35_2020.575 -> A_sw_France_35-200295_2020_NE_35_2020.575
A/sw/France/35-200469-2/2020_NE_35_2020.525 -> A_sw_France_35-200469-2_2020_NE_35_2020.525
A/sw/France/35-200154/2020_NE_35_2020.421 -> A_sw_France_35-200154_2020_NE_35_2020.421
A/sw/France/35-200300/2020_NE_35_2020.56944444444 -> A_sw_France_35-200300_2020_NE_35_2020.56944444444
A/sw/France/37-220188-1/2022_NE_37_2022.2 -> A_sw_France_37-220188-1_2022_NE_37_2022.2
A/sw/France/44-220189-1/2022_E_44_2022.22222222222 -> A_sw_France_44-220189-1_2022_E_44_2022.22222222222
A/sw/France/44-200512-1/2020_NE_44_2020.55555555556 -> A_sw_France_44-200512-1_2020_NE_44_2020.55555555556
A/sw/France/44-200510-2/2020_N_44_2020.55833333333 -> A_sw_France_44-200510-2_2020_N_44_2020.55833333333
A/sw/France/44-200384-2/2020_NE_44_2020.54166666667 -> A_sw_France_44-200384-2_2020_NE_44_2020.54166666667
A/sw/France/44-200460-3/2020_NE_44_2020.525 -> A_sw_France_44-200460-3_2020_NE_44_2020.525
A/sw/France/49-200353-3/2020_NE_49_2020.51944444444 -> A_sw_France_49-200353-3_2020_NE_49_2020.51944444444
A/sw/France/49-200216/2020_E_49_2020.53333333333 -> A_sw_France_49-200216_2020_E_49_2020.53333333333
A/sw/France/49-230070-3/2022_NE_49_2022.99444444444 -> A_sw_France_49-230070-3_2022_NE_49_2022.99444444444
A/sw/France/49-220101-1/2022_NE_49_2022.14444444444 -> A_sw_France_49-220101-1_2022_NE_49_2022.14444444444
A/sw/France/49-200490-3/2020_NPS_49_2020.53055555556 -> A_sw_France_49-200490-3_2020_NPS_49_2020.53055555556
A/sw/France/50-210307-1/2021_NE_50_2021.19444444444 -> A_sw_France_50-210307-1_2021_NE_50_2021.19444444444
A/sw/France/50-200471-3/2020_NE_50_2020.49722222222 -> A_sw_France_50-200471-3_2020_NE_50_2020.49722222222
A/sw/France/50-210417-5/2021_NE_50_2021.53333333333 -> A_sw_France_50-210417-5_2021_NE_50_2021.53333333333
A/sw/France/53-200155/2020_NE_53_2020.40277777778 -> A_sw_France_53-200155_2020_NE_53_2020.40277777778
A/sw/France/53-210091-2/2021_N_53_2021.05555555556 -> A_sw_France_53-210091-2_2021_N_53_2021.05555555556
A/sw/France/53-200134-3/2020_NE_53_2020.38055555556 -> A_sw_France_53-200134-3_2020_NE_53_2020.38055555556
A/sw/France/53-230071-5/2022_NE_53_2022.89166666667 -> A_sw_France_53-230071-5_2022_NE_53_2022.89166666667
A/sw/France/53-210090-4/2021_NE_53_2021.05277777778 -> A_sw_France_53-210090-4_2021_NE_53_2021.05277777778
A/sw/France/56-200347/2020_N_56_2020.56944444444 -> A_sw_France_56-200347_2020_N_56_2020.56944444444
A/sw/France/56-200257/2020_E_56_2020.58333333333 -> A_sw_France_56-200257_2020_E_56_2020.58333333333
A/sw/France/56-200256/2020_E_56_2020.58611111111 -> A_sw_France_56-200256_2020_E_56_2020.58611111111
A/sw/France/56-200231/2020_N_56_2020.475 -> A_sw_France_56-200231_2020_N_56_2020.475
A/sw/France/56-200259/2020_NPS_56_2020.58611111111 -> A_sw_France_56-200259_2020_NPS_56_2020.58611111111
A/sw/France/56-220651-2/2022_E_56_2022.85 -> A_sw_France_56-220651-2_2022_E_56_2022.85
A/sw/France/56-220533-3/2022_NE_56_2022.66388888889 -> A_sw_France_56-220533-3_2022_NE_56_2022.66388888889
A/sw/France/56-200201/2020_NE_56_2020.31111111111 -> A_sw_France_56-200201_2020_NE_56_2020.31111111111
A/sw/France/56-200112/2020_N_56_2020.34444444444 -> A_sw_France_56-200112_2020_N_56_2020.34444444444
A/sw/France/56-200441-3/2020_N_56_2020.55277777778 -> A_sw_France_56-200441-3_2020_N_56_2020.55277777778
A/sw/France/56-200050/2020_NE_56_2020.11666666667 -> A_sw_France_56-200050_2020_NE_56_2020.11666666667
A/sw/France/72-200462-2/2020_NE_72_2020.5 -> A_sw_France_72-200462-2_2020_NE_72_2020.5
A/sw/France/72-200461-1/2020_NE_72_2020.50277777778 -> A_sw_France_72-200461-1_2020_NE_72_2020.50277777778
A/sw/France/72-220017-3/2022_NE_72_2022.00555555556 -> A_sw_France_72-220017-3_2022_NE_72_2022.00555555556
A/sw/France/72-210509-4/2021_NE_72_2021.8 -> A_sw_France_72-210509-4_2021_NE_72_2021.8
A/sw/France/72-200205/2020_NE_72_2020.42777777778 -> A_sw_France_72-200205_2020_NE_72_2020.42777777778
A/sw/France/72-200305/2020_PSE_72_2020.56111111111 -> A_sw_France_72-200305_2020_PSE_72_2020.56111111111
A/sw/France/72-200244/2020_NE_72_2020.53888888889 -> A_sw_France_72-200244_2020_NE_72_2020.53888888889
A/sw/France/72-210053-6/2021_NE_72_2021.00833333333 -> A_sw_France_72-210053-6_2021_NE_72_2021.00833333333
A/sw/France/72-220016-1/2021_PSE_72_2021.98888888889 -> A_sw_France_72-220016-1_2021_PSE_72_2021.98888888889
A/sw/France/72-210508-1/2021_NE_72_2021.78055555556 -> A_sw_France_72-210508-1_2021_NE_72_2021.78055555556
A/sw/France/72-200318/2020_PSE_72_2020.55277777778 -> A_sw_France_72-200318_2020_PSE_72_2020.55277777778
A/sw/France/76-210447-1/2021_PSE_76_2021.40555555556 -> A_sw_France_76-210447-1_2021_PSE_76_2021.40555555556

                                                        Gap/Ambiguity  Composition  p-value
   1  A_sw_France_44-200139_2020_NE_44_2020.30277777778         0.00%    passed     99.99%
   2  A_sw_France_56-200169_2020_PSE_56_2020.34166666667        0.00%    passed     99.99%
   3  A_sw_France_22-200322_2020_NPS_22_2020.39444444444        0.00%    passed    100.00%
   4  A_sw_France_22-200286_2020_NE_22_2020.41388888889         0.00%    passed    100.00%
   5  A_sw_France_22-200278_2020_NE_22_2020.425                 0.00%    passed     99.84%
   6  A_sw_France_72-200277_2020_N_72_2020.43055555556          0.00%    passed     99.80%
   7  A_sw_France_29-200324_2020_NE_29_2020.44722222222         0.00%    passed    100.00%
   8  A_sw_France_22-200229_2020_NE_22_2020.48333333333         0.00%    passed     99.99%
   9  A_sw_France_53-210237--123_2021_NE_53_2021.03333333333    0.00%    passed     99.97%
  10  A_sw_France_79-210235-4_2021_NE_79_2021.03888888889       0.00%    passed     99.88%
  11  A_sw_France_35-210254-2_2021_NE_35_2021.07222222222       0.00%    passed     99.90%
  12  A_sw_France_22-210301-6_2021_NE_22_2021.13055555556       0.00%    passed     99.98%
  13  A_sw_France_22-220119-1_2022_NE_22_2022.04444444444       0.00%    passed     99.98%
  14  A_sw_France_22-200456-2_2020_NE_22_2020.51388888889       0.00%    passed     99.95%
  15  A_sw_France_22-210311-1_2021_NE_22_2021.21388888889       0.00%    passed    100.00%
  16  A_sw_France_22-200249_2020_NE_22_2020.57222222222         0.00%    passed     99.98%
  17  A_sw_France_22-200239_2020_NE_22_2020.54722222222         0.00%    passed     99.89%
  18  A_sw_France_22-200237_2020_NE_22_2020.55                  0.00%    passed     99.99%
  19  A_sw_France_22-210252-1_2021_N_22_2021.07222222222        0.00%    passed     99.95%
  20  A_sw_France_22-210267-4_2021_NE_22_2021.27222222222       0.00%    passed    100.00%
  21  A_sw_France_22-210512-5_2021_NE_22_2021.80555555556       0.00%    passed     99.35%
  22  A_sw_France_22-210295-4_2021_NE_22_2021.32222222222       0.00%    passed     99.63%
  23  A_sw_France_22-210505-3_2021_PSE_22_2021.77777777778      0.00%    passed     99.96%
  24  A_sw_France_22-200260_2020_E_22_2020.58333333333          0.00%    passed     99.89%
  25  A_sw_France_22-200454-1_2020_NE_22_2020.54444444444       0.00%    passed     99.68%
  26  A_sw_France_22-200177_2020_NE_22_2020.44444444444         0.00%    passed     99.83%
  27  A_sw_France_22-200176_2020_PSE_22_2020.43611111111        0.00%    passed     99.69%
  28  A_sw_France_22-200228_2020_N_22_2020.44444444444          0.00%    passed     99.69%
  29  A_sw_France_22-200113_2020_NE_22_2020.34444444444         0.00%    passed     99.97%
  30  A_sw_France_22-200213_2020_NE_22_2020.525                 0.00%    passed     99.99%
  31  A_sw_France_22-200241_2020_NE_22_2020.54722222222         0.00%    passed     99.97%
  32  A_sw_France_22-200235_2020_NE_22_2020.54444444444         0.00%    passed     99.95%
  33  A_sw_France_22-200436-2_2020_NE_22_2020.55555555556       0.00%    passed     99.48%
  34  A_sw_France_22-200258_2020_NE_22_2020.58611111111         0.00%    passed    100.00%
  35  A_sw_France_22-200210_2020_NE_22_2020.51388888889         0.00%    passed    100.00%
  36  A_sw_France_22-210317-2_2021_N_22_2021.21666666667        0.00%    passed     99.95%
  37  A_sw_France_22-200283_2020_PSE_22_2020.45833333333        0.00%    passed     99.99%
  38  A_sw_France_22-210030-2_2020_NE_22_2020.56944444444       0.00%    passed     99.95%
  39  A_sw_France_22-200242_2020_NE_22_2020.56111111111         0.00%    passed     99.98%
  40  A_sw_France_22-210234-2_2021_NE_22_2021.05277777778       0.00%    passed     99.84%
  41  A_sw_France_22-200281_2020_NE_22_2020.45277777778         0.00%    passed     99.99%
  42  A_sw_France_22-210119-1_2020_NE_22_2020.95277777778       0.00%    passed     99.95%
  43  A_sw_France_22-200382-2_2020_NE_22_2020.53611111111       0.00%    passed     99.86%
  44  A_sw_France_22-210039-1_2020_NE_22_2020.50555555556       0.00%    passed     99.86%
  45  A_sw_France_22-200175_2020_PSE_22_2020.43888888889        0.00%    passed     99.99%
  46  A_sw_France_22-200486-1_2020_NE_22_2020.54722222222       0.00%    passed     99.86%
  47  A_sw_France_22-200215_2020_NE_22_2020.53333333333         0.00%    passed     99.99%
  48  A_sw_France_22-200207_2020_PSE_22_2020.44722222222        0.00%    passed    100.00%
  49  A_sw_France_22-210399-2_2021_NE_22_2021.26666666667       0.00%    passed     99.52%
  50  A_sw_France_22-210446-1_2021_NE_22_2021.40555555556       0.00%    passed     99.85%
  51  A_sw_France_22-200413_2020_NE_22_2020.475                 0.00%    passed     99.99%
  52  A_sw_France_22-200212_2020_NE_22_2020.51944444444         0.06%    passed     99.82%
  53  A_sw_France_22-210232-2_2021_NE_22_2021.04722222222       0.00%    passed     99.25%
  54  A_sw_France_22-200173_2020_E_22_2020.43888888889          0.00%    passed     99.95%
  55  A_sw_France_22-200171_2020_NE_22_2020.28888888889         0.06%    passed    100.00%
  56  A_sw_France_22-200255_2020_NE_22_2020.575                 0.00%    passed     99.95%
  57  A_sw_France_22-200236_2020_NE_22_2020.54444444444         0.00%    passed     99.99%
  58  A_sw_France_22-200435-1_2020_PSE_22_2020.55833333333      0.00%    passed    100.00%
  59  A_sw_France_22-230181-1_2022_NE_22_2022.93055555556       0.00%    passed     99.53%
  60  A_sw_France_22-200269_2020_NE_22_2020.56388888889         0.00%    passed    100.00%
  61  A_sw_France_22-200505-2_2020_NE_22_2020.55555555556       0.00%    passed     99.64%
  62  A_sw_France_28-200135_2020_NE_28_2020.38333333333         0.00%    passed     99.99%
  63  A_sw_France_29-200264_2020_E_29_2020.59444444444          0.00%    passed     99.99%
  64  A_sw_France_29-200133_2020_NE_29_2020.38055555556         0.00%    passed     99.98%
  65  A_sw_France_29-200252_2020_NE_29_2020.56666666667         0.00%    passed    100.00%
  66  A_sw_France_29-210515-1_2021_NE_29_2021.825               0.00%    passed     99.98%
  67  A_sw_France_29-200383-3_2020_NE_29_2020.54722222222       0.00%    passed     99.97%
  68  A_sw_France_29-200254_2020_NE_29_2020.58055555556         0.00%    passed     99.99%
  69  A_sw_France_29-210451-2_2021_NE_29_2021.41944444444       0.00%    passed     99.81%
  70  A_sw_France_29-220615-2_2022_N_29_2022.727778             0.00%    passed     95.42%
  71  A_sw_France_29-200185_2020_NE_29_2020.44722222222         0.00%    passed    100.00%
  72  A_sw_France_29-220685-3_2022_E_29_2022.916667             0.00%    passed     99.59%
  73  A_sw_France_29-200263_2020_NE_29_2020.425                 0.00%    passed     99.80%
  74  A_sw_France_29-220173-1_2022_N_29_2022.04722222222        0.00%    passed     99.89%
  75  A_sw_France_29-210041-1_2020_NE_29_2020.5                 0.00%    passed     99.77%
  76  A_sw_France_29-200507-2_2020_NE_29_2020.56666666667       0.00%    passed    100.00%
  77  A_sw_France_29-200188_2020_NE_29_2020.45833333333         0.00%    passed     99.90%
  78  A_sw_France_35-200052_2020_E_35_2020.13333333333          0.00%    passed     99.69%
  79  A_sw_France_35-210062-6_2021_PSE_35_2021.02777777778      0.00%    passed     99.92%
  80  A_sw_France_35-210129-2_2021_E_35_2021.03055555556        0.00%    passed     99.76%
  81  A_sw_France_35-200425-2_2020_NE_35_2020.46944444444       0.00%    passed     99.99%
  82  A_sw_France_35-220448-3_2022_NE_35_2022.48888888889       0.00%    passed     99.92%
  83  A_sw_France_35-200270_2020_NE_35_2020.56111111111         0.00%    passed     99.92%
  84  A_sw_France_35-210089-3_2021_NE_35_2021.04722222222       0.00%    passed     99.76%
  85  A_sw_France_35-210165-4_2021_PSE_35_2021.14166666667      0.00%    passed     99.87%
  86  A_sw_France_35-200275_2020_NE_35_2020.55555555556         0.00%    passed     99.97%
  87  A_sw_France_35-200508-2_2020_NE_35_2020.55                0.00%    passed     99.85%
  88  A_sw_France_35-200470-2_2020_NE_35_2020.53888888889       0.00%    passed     99.98%
  89  A_sw_France_35-200238_2020_NE_35_2020.54722222222         0.00%    passed    100.00%
  90  A_sw_France_35-210140-1_2021_NE_35_2021.12222222222       0.00%    passed     99.94%
  91  A_sw_France_35-210519-2_2021_NE_35_2021.66666666667       0.00%    passed     99.21%
  92  A_sw_France_35-200332_2020_NE_35_2020.55                  0.00%    passed     99.92%
  93  A_sw_France_35-200298_2020_PSE_35_2020.55555555556        0.00%    passed     99.95%
  94  A_sw_France_35-200206_2020_NE_35_2020.43888888889         0.00%    passed     99.51%
  95  A_sw_France_35-200437-1_2020_NE_35_2020.55555555556       0.00%    passed     99.82%
  96  A_sw_France_35-200271_2020_NE_35_2020.55833333333         0.00%    passed     99.63%
  97  A_sw_France_35-200251_2020_NE_35_2020.57777777778         0.00%    passed     99.92%
  98  A_sw_France_35-200438-2_2020_NE_35_2020.49444444444       0.00%    passed     99.99%
  99  A_sw_France_35-210370-1_2021_NE_35_2021.38611111111       0.00%    passed     99.61%
 100  A_sw_France_35-210501-6_2021_NE_35_2021.75833333333       0.00%    passed     99.49%
 101  A_sw_France_35-200299_2020_NE_35_2020.56388888889         0.00%    passed     99.92%
 102  A_sw_France_35-200295_2020_NE_35_2020.575                 0.00%    passed     99.92%
 103  A_sw_France_35-200469-2_2020_NE_35_2020.525               0.00%    passed     99.58%
 104  A_sw_France_35-200154_2020_NE_35_2020.421                 0.00%    passed     99.99%
 105  A_sw_France_35-200300_2020_NE_35_2020.56944444444         0.00%    passed     99.96%
 106  A_sw_France_37-220188-1_2022_NE_37_2022.2                 0.00%    passed     99.78%
 107  A_sw_France_44-220189-1_2022_E_44_2022.22222222222        0.00%    passed     99.94%
 108  A_sw_France_44-200512-1_2020_NE_44_2020.55555555556       0.00%    passed     99.73%
 109  A_sw_France_44-200510-2_2020_N_44_2020.55833333333        0.00%    passed     99.73%
 110  A_sw_France_44-200384-2_2020_NE_44_2020.54166666667       0.00%    passed     99.93%
 111  A_sw_France_44-200460-3_2020_NE_44_2020.525               0.00%    passed     99.79%
 112  A_sw_France_49-200353-3_2020_NE_49_2020.51944444444       0.00%    passed     99.98%
 113  A_sw_France_49-200216_2020_E_49_2020.53333333333          0.00%    passed     99.93%
 114  A_sw_France_49-230070-3_2022_NE_49_2022.99444444444       0.00%    passed     99.98%
 115  A_sw_France_49-220101-1_2022_NE_49_2022.14444444444       0.00%    passed     99.92%
 116  A_sw_France_49-200490-3_2020_NPS_49_2020.53055555556      0.00%    passed     99.97%
 117  A_sw_France_50-210307-1_2021_NE_50_2021.19444444444       0.00%    passed     99.34%
 118  A_sw_France_50-200471-3_2020_NE_50_2020.49722222222       0.00%    passed     99.96%
 119  A_sw_France_50-210417-5_2021_NE_50_2021.53333333333       0.00%    passed    100.00%
 120  A_sw_France_53-200155_2020_NE_53_2020.40277777778         0.00%    passed     99.97%
 121  A_sw_France_53-210091-2_2021_N_53_2021.05555555556        0.00%    passed     99.76%
 122  A_sw_France_53-200134-3_2020_NE_53_2020.38055555556       0.00%    passed     99.97%
 123  A_sw_France_53-230071-5_2022_NE_53_2022.89166666667       0.00%    passed     99.98%
 124  A_sw_France_53-210090-4_2021_NE_53_2021.05277777778       0.00%    passed     99.97%
 125  A_sw_France_56-200347_2020_N_56_2020.56944444444          0.00%    passed    100.00%
 126  A_sw_France_56-200257_2020_E_56_2020.58333333333          0.00%    passed     99.69%
 127  A_sw_France_56-200256_2020_E_56_2020.58611111111          0.00%    passed     99.69%
 128  A_sw_France_56-200231_2020_N_56_2020.475                  0.00%    passed    100.00%
 129  A_sw_France_56-200259_2020_NPS_56_2020.58611111111        0.00%    passed     99.58%
 130  A_sw_France_56-220651-2_2022_E_56_2022.85                 0.00%    passed     99.43%
 131  A_sw_France_56-220533-3_2022_NE_56_2022.66388888889       0.00%    passed     99.55%
 132  A_sw_France_56-200201_2020_NE_56_2020.31111111111         0.00%    passed    100.00%
 133  A_sw_France_56-200112_2020_N_56_2020.34444444444          0.00%    passed     99.98%
 134  A_sw_France_56-200441-3_2020_N_56_2020.55277777778        0.00%    passed     99.77%
 135  A_sw_France_56-200050_2020_NE_56_2020.11666666667         0.00%    passed    100.00%
 136  A_sw_France_72-200462-2_2020_NE_72_2020.5                 0.00%    passed     99.88%
 137  A_sw_France_72-200461-1_2020_NE_72_2020.50277777778       0.00%    passed     99.88%
 138  A_sw_France_72-220017-3_2022_NE_72_2022.00555555556       0.00%    passed     99.95%
 139  A_sw_France_72-210509-4_2021_NE_72_2021.8                 0.00%    passed     99.98%
 140  A_sw_France_72-200205_2020_NE_72_2020.42777777778         0.00%    passed     99.92%
 141  A_sw_France_72-200305_2020_PSE_72_2020.56111111111        0.00%    passed     99.99%
 142  A_sw_France_72-200244_2020_NE_72_2020.53888888889         0.00%    passed     99.92%
 143  A_sw_France_72-210053-6_2021_NE_72_2021.00833333333       0.00%    passed     99.88%
 144  A_sw_France_72-220016-1_2021_PSE_72_2021.98888888889      0.00%    passed     99.62%
 145  A_sw_France_72-210508-1_2021_NE_72_2021.78055555556       0.00%    passed     99.98%
 146  A_sw_France_72-200318_2020_PSE_72_2020.55277777778        0.00%    passed    100.00%
 147  A_sw_France_76-210447-1_2021_PSE_76_2021.40555555556      0.00%    passed     99.92%
****  TOTAL                                                     0.00%  0 sequences failed composition chi2 test (p-value<5%; df=3)
NOTE: A_sw_France_56-200231_2020_N_56_2020.475 is identical to A_sw_France_29-200324_2020_NE_29_2020.44722222222 but kept for subsequent analysis
NOTE: A_sw_France_53-210090-4_2021_NE_53_2021.05277777778 is identical to A_sw_France_53-210237--123_2021_NE_53_2021.03333333333 but kept for subsequent analysis
NOTE: A_sw_France_72-200462-2_2020_NE_72_2020.5 is identical to A_sw_France_79-210235-4_2021_NE_79_2021.03888888889 but kept for subsequent analysis
NOTE: A_sw_France_72-210509-4_2021_NE_72_2021.8 is identical to A_sw_France_22-220119-1_2022_NE_22_2022.04444444444 but kept for subsequent analysis
NOTE: A_sw_France_22-200228_2020_N_22_2020.44444444444 is identical to A_sw_France_22-200176_2020_PSE_22_2020.43611111111 but kept for subsequent analysis
NOTE: A_sw_France_22-200283_2020_PSE_22_2020.45833333333 is identical to A_sw_France_22-200213_2020_NE_22_2020.525 but kept for subsequent analysis
NOTE: A_sw_France_22-210119-1_2020_NE_22_2020.95277777778 is identical to A_sw_France_22-210030-2_2020_NE_22_2020.56944444444 but kept for subsequent analysis
NOTE: A_sw_France_35-200238_2020_NE_35_2020.54722222222 is identical to A_sw_France_22-200269_2020_NE_22_2020.56388888889 but kept for subsequent analysis
NOTE: A_sw_France_35-200332_2020_NE_35_2020.55 is identical to A_sw_France_35-210062-6_2021_PSE_35_2021.02777777778 but kept for subsequent analysis
NOTE: A_sw_France_35-210089-3_2021_NE_35_2021.04722222222 is identical to A_sw_France_35-210129-2_2021_E_35_2021.03055555556 but kept for subsequent analysis
NOTE: A_sw_France_35-200438-2_2020_NE_35_2020.49444444444 is identical to A_sw_France_35-200425-2_2020_NE_35_2020.46944444444 but kept for subsequent analysis
NOTE: A_sw_France_44-200510-2_2020_N_44_2020.55833333333 is identical to A_sw_France_44-200512-1_2020_NE_44_2020.55555555556 but kept for subsequent analysis
NOTE: A_sw_France_53-200134-3_2020_NE_53_2020.38055555556 is identical to A_sw_France_53-200155_2020_NE_53_2020.40277777778 but kept for subsequent analysis
NOTE: 14 identical sequences (see below) will be ignored for subsequent analysis
NOTE: A_sw_France_56-200201_2020_NE_56_2020.31111111111 (identical to A_sw_France_29-200324_2020_NE_29_2020.44722222222) is ignored but added at the end
NOTE: A_sw_France_72-200461-1_2020_NE_72_2020.50277777778 (identical to A_sw_France_79-210235-4_2021_NE_79_2021.03888888889) is ignored but added at the end
NOTE: A_sw_France_72-210053-6_2021_NE_72_2021.00833333333 (identical to A_sw_France_79-210235-4_2021_NE_79_2021.03888888889) is ignored but added at the end
NOTE: A_sw_France_72-210508-1_2021_NE_72_2021.78055555556 (identical to A_sw_France_22-220119-1_2022_NE_22_2022.04444444444) is ignored but added at the end
NOTE: A_sw_France_56-200257_2020_E_56_2020.58333333333 (identical to A_sw_France_22-200176_2020_PSE_22_2020.43611111111) is ignored but added at the end
NOTE: A_sw_France_56-200256_2020_E_56_2020.58611111111 (identical to A_sw_France_22-200176_2020_PSE_22_2020.43611111111) is ignored but added at the end
NOTE: A_sw_France_22-200281_2020_NE_22_2020.45277777778 (identical to A_sw_France_22-200213_2020_NE_22_2020.525) is ignored but added at the end
NOTE: A_sw_France_22-200175_2020_PSE_22_2020.43888888889 (identical to A_sw_France_22-200213_2020_NE_22_2020.525) is ignored but added at the end
NOTE: A_sw_France_22-200236_2020_NE_22_2020.54444444444 (identical to A_sw_France_22-200213_2020_NE_22_2020.525) is ignored but added at the end
NOTE: A_sw_France_35-200154_2020_NE_35_2020.421 (identical to A_sw_France_22-200213_2020_NE_22_2020.525) is ignored but added at the end
NOTE: A_sw_France_35-200251_2020_NE_35_2020.57777777778 (identical to A_sw_France_35-210062-6_2021_PSE_35_2021.02777777778) is ignored but added at the end
NOTE: A_sw_France_35-200299_2020_NE_35_2020.56388888889 (identical to A_sw_France_35-210062-6_2021_PSE_35_2021.02777777778) is ignored but added at the end
NOTE: A_sw_France_35-200295_2020_NE_35_2020.575 (identical to A_sw_France_35-210062-6_2021_PSE_35_2021.02777777778) is ignored but added at the end
NOTE: A_sw_France_53-210091-2_2021_N_53_2021.05555555556 (identical to A_sw_France_35-210129-2_2021_E_35_2021.03055555556) is ignored but added at the end

For your convenience alignment with unique sequences printed to H1avN2_France_2020-2022.HA.mafft.fasta.uniqueseq.phy


Create initial parsimony tree by phylogenetic likelihood library (PLL)... 0.007 seconds
NOTE: ModelFinder requires 14 MB RAM!
ModelFinder will test 286 DNA models (sample size: 1743) ...
 No. Model         -LnL         df  AIC          AICc         BIC
  1  JC            6159.023     263 12844.047    12937.937    14280.911
  2  JC+I          6118.990     264 12765.979    12860.648    14208.307
  3  JC+G4         6114.986     264 12757.971    12852.640    14200.299
  4  JC+I+G4       6113.972     265 12757.944    12853.394    14205.735
  5  JC+R2         6113.272     265 12756.544    12851.994    14204.335
  6  JC+R3         6110.714     267 12755.428    12852.453    14214.146
 14  F81+F         6085.090     266 12702.179    12798.415    14155.434
 15  F81+F+I       6046.146     267 12626.293    12723.318    14085.010
 16  F81+F+G4      6042.177     267 12618.353    12715.378    14077.071
 17  F81+F+I+G4    6041.254     268 12618.508    12716.326    14082.689
 18  F81+F+R2      6040.476     268 12616.952    12714.770    14081.133
 19  F81+F+R3      6038.064     270 12616.129    12715.545    14091.237
 27  K2P           5905.354     264 12338.709    12433.377    13781.037
 28  K2P+I         5864.981     265 12259.962    12355.413    13707.754
 29  K2P+G4        5860.977     265 12251.954    12347.405    13699.745
 30  K2P+I+G4      5859.940     266 12251.880    12348.116    13705.135
 31  K2P+R2        5858.878     266 12249.756    12345.991    13703.010
 32  K2P+R3        5856.443     268 12248.886    12346.704    13713.068
 40  HKY+F         5828.143     267 12190.287    12287.312    13649.005
 41  HKY+F+I       5790.312     268 12116.623    12214.442    13580.805
 42  HKY+F+G4      5786.568     268 12109.136    12206.954    13573.317
 43  HKY+F+I+G4    5785.821     269 12109.641    12208.256    13579.286
 44  HKY+F+R2      5784.829     269 12107.658    12206.273    13577.303
 45  HKY+F+R3      5783.063     271 12108.125    12208.346    13588.697
 53  TNe           5902.130     265 12334.261    12429.711    13782.052
 54  TNe+I         5861.482     266 12254.964    12351.199    13708.218
 55  TNe+G4        5857.585     266 12247.171    12343.407    13700.425
 56  TNe+I+G4      5856.588     267 12247.175    12344.200    13705.893
 57  TNe+R2        5855.333     267 12244.666    12341.691    13703.384
 58  TNe+R3        5853.247     269 12244.494    12343.109    13714.138
 66  TN+F          5828.065     268 12192.131    12289.949    13656.312
 67  TN+F+I        5790.157     269 12118.313    12216.928    13587.958
 68  TN+F+G4       5786.427     269 12110.853    12209.468    13580.498
 69  TN+F+I+G4     5785.684     270 12111.369    12210.785    13586.477
 70  TN+F+R2       5784.542     270 12109.083    12208.499    13584.191
 71  TN+F+R3       5782.832     272 12109.664    12210.693    13595.699
 79  K3P           5902.474     265 12334.948    12430.399    13782.740
 80  K3P+I         5862.116     266 12256.232    12352.467    13709.486
 81  K3P+G4        5858.133     266 12248.266    12344.502    13701.521
 82  K3P+I+G4      5857.094     267 12248.189    12345.214    13706.907
 83  K3P+R2        5855.497     267 12244.995    12342.020    13703.713
 84  K3P+R3        5853.128     269 12244.256    12342.871    13713.901
 92  K3Pu+F        5824.416     268 12184.832    12282.650    13649.014
 93  K3Pu+F+I      5786.624     269 12111.247    12209.862    13580.892
 94  K3Pu+F+G4     5782.896     269 12103.791    12202.406    13573.436
 95  K3Pu+F+I+G4   5782.150     270 12104.301    12203.716    13579.409
 96  K3Pu+F+R2     5780.849     270 12101.699    12201.115    13576.807
 97  K3Pu+F+R3     5779.102     272 12102.204    12203.232    13588.239
105  TPM2+F        5823.659     268 12183.318    12281.136    13647.500
106  TPM2+F+I      5785.629     269 12109.258    12207.873    13578.903
107  TPM2+F+G4     5781.865     269 12101.730    12200.345    13571.374
108  TPM2+F+I+G4   5781.074     270 12102.148    12201.564    13577.256
109  TPM2+F+R2     5779.648     270 12099.297    12198.713    13574.405
110  TPM2+F+R3     5777.770     272 12099.540    12200.568    13585.574
118  TPM2u+F       5823.657     268 12183.315    12281.133    13647.496
119  TPM2u+F+I     5785.627     269 12109.255    12207.870    13578.899
120  TPM2u+F+G4    5781.863     269 12101.726    12200.341    13571.371
121  TPM2u+F+I+G4  5781.071     270 12102.142    12201.558    13577.250
122  TPM2u+F+R2    5779.605     270 12099.209    12198.625    13574.317
123  TPM2u+F+R3    5777.723     272 12099.445    12200.474    13585.480
131  TPM3+F        5827.748     268 12191.496    12289.315    13655.678
132  TPM3+F+I      5789.922     269 12117.843    12216.458    13587.488
133  TPM3+F+G4     5786.170     269 12110.340    12208.955    13579.984
134  TPM3+F+I+G4   5785.416     270 12110.831    12210.247    13585.939
135  TPM3+F+R2     5783.969     270 12107.938    12207.354    13583.046
136  TPM3+F+R3     5782.186     272 12108.372    12209.401    13594.407
144  TPM3u+F       5827.745     268 12191.489    12289.307    13655.670
145  TPM3u+F+I     5789.916     269 12117.832    12216.447    13587.477
146  TPM3u+F+G4    5786.168     269 12110.335    12208.950    13579.980
147  TPM3u+F+I+G4  5785.412     270 12110.824    12210.240    13585.932
148  TPM3u+F+R2    5783.933     270 12107.867    12207.283    13582.975
149  TPM3u+F+R3    5782.143     272 12108.285    12209.314    13594.320
157  TIMe          5899.253     266 12330.506    12426.741    13783.760
158  TIMe+I        5858.617     267 12251.235    12348.260    13709.953
159  TIMe+G4       5854.742     267 12243.485    12340.510    13702.203
160  TIMe+I+G4     5853.741     268 12243.482    12341.300    13707.663
161  TIMe+R2       5851.934     268 12239.867    12337.686    13704.049
162  TIMe+R3       5849.860     270 12239.720    12339.136    13714.828
170  TIM+F         5824.335     269 12186.671    12285.286    13656.316
171  TIM+F+I       5786.470     270 12112.939    12212.355    13588.047
172  TIM+F+G4      5782.756     270 12105.512    12204.927    13580.620
173  TIM+F+I+G4    5782.012     271 12106.024    12206.245    13586.596
174  TIM+F+R2      5780.487     271 12102.975    12203.195    13583.546
175  TIM+F+R3      5778.718     273 12103.435    12205.276    13594.933
183  TIM2e         5894.678     266 12321.355    12417.591    13774.610
184  TIM2e+I       5852.610     267 12239.220    12336.245    13697.938
185  TIM2e+G4      5848.583     267 12231.167    12328.192    13689.885
186  TIM2e+I+G4    5847.459     268 12230.918    12328.736    13695.100
187  TIM2e+R2      5845.218     268 12226.437    12324.255    13690.618
188  TIM2e+R3      5842.970     270 12225.940    12325.356    13701.048
196  TIM2+F        5823.584     269 12185.169    12283.784    13654.814
197  TIM2+F+I      5785.490     270 12110.980    12210.396    13586.088
198  TIM2+F+G4     5781.743     270 12103.486    12202.901    13578.594
199  TIM2+F+I+G4   5780.953     271 12103.906    12204.126    13584.477
200  TIM2+F+R2     5779.124     271 12100.248    12200.468    13580.819
201  TIM2+F+R3     5777.193     273 12100.386    12202.227    13591.884
209  TIM3e         5902.106     266 12336.212    12432.447    13789.466
210  TIM3e+I       5861.456     267 12256.913    12353.938    13715.631
211  TIM3e+G4      5857.559     267 12249.119    12346.144    13707.837
212  TIM3e+I+G4    5856.553     268 12249.107    12346.925    13713.288
213  TIM3e+R2      5854.389     268 12244.778    12342.597    13708.960
214  TIM3e+R3      5852.171     270 12244.343    12343.759    13719.451
222  TIM3+F        5827.672     269 12193.345    12291.960    13662.990
223  TIM3+F+I      5789.769     270 12119.539    12218.955    13594.647
224  TIM3+F+G4     5786.035     270 12112.071    12211.486    13587.179
225  TIM3+F+I+G4   5785.282     271 12112.563    12212.783    13593.135
226  TIM3+F+R2     5783.504     271 12109.007    12209.228    13589.579
227  TIM3+F+R3     5781.493     273 12108.987    12210.828    13600.485
235  TVMe          5892.386     267 12318.773    12415.798    13777.491
236  TVMe+I        5850.621     268 12237.241    12335.059    13701.422
237  TVMe+G4       5846.494     268 12228.989    12326.807    13693.170
238  TVMe+I+G4     5845.303     269 12228.607    12327.222    13698.252
239  TVMe+R2       5842.413     269 12222.826    12321.441    13692.471
240  TVMe+R3       5833.979     271 12209.958    12310.178    13690.529
241  TVMe+R4       5833.791     273 12213.582    12315.423    13705.080
248  TVM+F         5817.526     270 12175.051    12274.467    13650.159
249  TVM+F+I       5779.460     271 12100.921    12201.141    13581.492
250  TVM+F+G4      5775.708     271 12093.416    12193.637    13573.988
251  TVM+F+I+G4    5774.905     272 12093.810    12194.839    13579.845
252  TVM+F+R2      5772.877     272 12089.754    12190.782    13575.788
253  TVM+F+R3      5767.026     274 12082.051    12184.708    13579.013
261  SYM           5889.181     268 12314.362    12412.181    13778.544
262  SYM+I         5846.989     269 12231.979    12330.594    13701.623
263  SYM+G4        5842.975     269 12223.949    12322.564    13693.594
264  SYM+I+G4      5841.842     270 12223.683    12323.099    13698.791
265  SYM+R2        5839.188     270 12218.377    12317.793    13693.485
266  SYM+R3        5831.576     272 12207.152    12308.181    13693.187
267  SYM+R4        5831.489     274 12210.979    12313.636    13707.940
274  GTR+F         5817.490     271 12176.979    12277.200    13657.551
275  GTR+F+I       5779.352     272 12102.703    12203.732    13588.738
276  GTR+F+G4      5775.615     272 12095.230    12196.258    13581.265
277  GTR+F+I+G4    5774.816     273 12095.631    12197.472    13587.129
278  GTR+F+R2      5772.799     273 12091.598    12193.439    13583.097
279  GTR+F+R3      5766.880     275 12083.760    12187.236    13586.185
Akaike Information Criterion:           TVM+F+R3
Corrected Akaike Information Criterion: TVM+F+R3
Bayesian Information Criterion:         TPM2u+F+G4
Best-fit model: TPM2u+F+G4 chosen according to BIC

All model information printed to H1avN2_France_2020-2022.HA.mafft.fasta.model.gz
CPU time for ModelFinder: 19.830 seconds (0h:0m:19s)
Wall-clock time for ModelFinder: 20.022 seconds (0h:0m:20s)
Generating 1000 samples for ultrafast bootstrap (seed: 217790)...

NOTE: 6 MB RAM (0 GB) is required!
Estimate model parameters (epsilon = 0.100)
1. Initial log-likelihood: -6048.086
2. Current log-likelihood: -5781.881
Optimal log-likelihood: -5781.860
Rate parameters:  A-C: 2.26520  A-G: 18.80601  A-T: 2.26520  C-G: 1.00000  C-T: 18.80601  G-T: 1.00000
Base frequencies:  A: 0.347  C: 0.182  G: 0.216  T: 0.255
Gamma shape alpha: 0.480
Parameters optimization took 2 rounds (0.161 sec)
Computing ML distances based on estimated model parameters... 0.088 sec
Computing BIONJ tree...
0.058 seconds
Log-likelihood of BIONJ tree: -5772.891
--------------------------------------------------------------------
|             INITIALIZING CANDIDATE TREE SET                      |
--------------------------------------------------------------------
Generating 98 parsimony trees... 0.847 second
Computing log-likelihood of 98 initial trees ... 2.075 seconds
Current best score: -5772.891

Do NNI search on 20 best initial trees
Estimate model parameters (epsilon = 0.100)
BETTER TREE FOUND at iteration 1: -5772.886
Iteration 10 / LogL: -5772.952 / Time: 0h:0m:5s
Iteration 20 / LogL: -5772.952 / Time: 0h:0m:7s
Finish initializing candidate tree set (20)
Current best tree score: -5772.886 / CPU time: 7.148
Number of iterations: 20
--------------------------------------------------------------------
|               OPTIMIZING CANDIDATE TREE SET                      |
--------------------------------------------------------------------
Iteration 30 / LogL: -5776.995 / Time: 0h:0m:11s (0h:0m:28s left)
Iteration 40 / LogL: -5772.961 / Time: 0h:0m:15s (0h:0m:23s left)
Iteration 50 / LogL: -5772.964 / Time: 0h:0m:18s (0h:0m:19s left)
Log-likelihood cutoff on original alignment: -5813.574
Iteration 60 / LogL: -5790.209 / Time: 0h:0m:21s (0h:0m:15s left)
Iteration 70 / LogL: -5775.458 / Time: 0h:0m:25s (0h:0m:11s left)
Iteration 80 / LogL: -5772.891 / Time: 0h:0m:29s (0h:0m:7s left)
Iteration 90 / LogL: -5778.643 / Time: 0h:0m:32s (0h:0m:4s left)
BETTER TREE FOUND at iteration 100: -5772.885
Iteration 100 / LogL: -5772.885 / Time: 0h:0m:36s (0h:0m:36s left)
Log-likelihood cutoff on original alignment: -5813.052
NOTE: Bootstrap correlation coefficient of split occurrence frequencies: 0.962
NOTE: UFBoot does not converge, continue at least 100 more iterations
Iteration 110 / LogL: -5780.490 / Time: 0h:0m:40s (0h:0m:33s left)
Iteration 120 / LogL: -5772.891 / Time: 0h:0m:44s (0h:0m:30s left)
Iteration 130 / LogL: -5796.720 / Time: 0h:0m:48s (0h:0m:26s left)
Iteration 140 / LogL: -5772.898 / Time: 0h:0m:52s (0h:0m:22s left)
Iteration 150 / LogL: -5772.889 / Time: 0h:0m:56s (0h:0m:19s left)
Log-likelihood cutoff on original alignment: -5813.052
Iteration 160 / LogL: -5786.667 / Time: 0h:1m:1s (0h:0m:15s left)
Iteration 170 / LogL: -5772.890 / Time: 0h:1m:5s (0h:0m:11s left)
Iteration 180 / LogL: -5772.899 / Time: 0h:1m:9s (0h:0m:7s left)
Iteration 190 / LogL: -5772.885 / Time: 0h:1m:14s (0h:0m:3s left)
Iteration 200 / LogL: -5772.893 / Time: 0h:1m:18s (0h:0m:0s left)
Log-likelihood cutoff on original alignment: -5813.052
NOTE: Bootstrap correlation coefficient of split occurrence frequencies: 0.984
NOTE: UFBoot does not converge, continue at least 100 more iterations
BETTER TREE FOUND at iteration 206: -5772.885
Iteration 210 / LogL: -5772.887 / Time: 0h:1m:23s (0h:0m:38s left)
Iteration 220 / LogL: -5772.894 / Time: 0h:1m:27s (0h:0m:34s left)
Iteration 230 / LogL: -5772.893 / Time: 0h:1m:32s (0h:0m:30s left)
BETTER TREE FOUND at iteration 231: -5772.883
Iteration 240 / LogL: -5772.887 / Time: 0h:1m:36s (0h:0m:36s left)
Iteration 250 / LogL: -5772.892 / Time: 0h:1m:40s (0h:0m:32s left)
Log-likelihood cutoff on original alignment: -5813.052
Iteration 260 / LogL: -5772.896 / Time: 0h:1m:44s (0h:0m:28s left)
Iteration 270 / LogL: -5772.884 / Time: 0h:1m:49s (0h:0m:24s left)
Iteration 280 / LogL: -5772.885 / Time: 0h:1m:53s (0h:0m:20s left)
Iteration 290 / LogL: -5783.370 / Time: 0h:1m:58s (0h:0m:16s left)
Iteration 300 / LogL: -5772.887 / Time: 0h:2m:1s (0h:0m:12s left)
Log-likelihood cutoff on original alignment: -5813.052
NOTE: Bootstrap correlation coefficient of split occurrence frequencies: 0.982
NOTE: UFBoot does not converge, continue at least 100 more iterations
Iteration 310 / LogL: -5772.894 / Time: 0h:2m:6s (0h:0m:36s left)
Iteration 320 / LogL: -5772.898 / Time: 0h:2m:11s (0h:0m:32s left)
Iteration 330 / LogL: -5772.886 / Time: 0h:2m:15s (0h:0m:28s left)
Iteration 340 / LogL: -5782.267 / Time: 0h:2m:20s (0h:0m:24s left)
Iteration 350 / LogL: -5779.122 / Time: 0h:2m:24s (0h:0m:20s left)
Log-likelihood cutoff on original alignment: -5813.033
Iteration 360 / LogL: -5772.888 / Time: 0h:2m:29s (0h:0m:16s left)
Iteration 370 / LogL: -5807.931 / Time: 0h:2m:33s (0h:0m:12s left)
Iteration 380 / LogL: -5772.888 / Time: 0h:2m:37s (0h:0m:8s left)
Iteration 390 / LogL: -5772.891 / Time: 0h:2m:42s (0h:0m:4s left)
Iteration 400 / LogL: -5777.822 / Time: 0h:2m:46s (0h:0m:0s left)
Log-likelihood cutoff on original alignment: -5813.058
NOTE: Bootstrap correlation coefficient of split occurrence frequencies: 0.983
NOTE: UFBoot does not converge, continue at least 100 more iterations
Iteration 410 / LogL: -5772.889 / Time: 0h:2m:51s (0h:0m:37s left)
Iteration 420 / LogL: -5772.903 / Time: 0h:2m:56s (0h:0m:33s left)
Iteration 430 / LogL: -5772.885 / Time: 0h:3m:0s (0h:0m:29s left)
Iteration 440 / LogL: -5791.706 / Time: 0h:3m:6s (0h:0m:25s left)
Iteration 450 / LogL: -5772.887 / Time: 0h:3m:11s (0h:0m:21s left)
Log-likelihood cutoff on original alignment: -5813.058
Iteration 460 / LogL: -5782.022 / Time: 0h:3m:16s (0h:0m:17s left)
Iteration 470 / LogL: -5780.928 / Time: 0h:3m:21s (0h:0m:12s left)
Iteration 480 / LogL: -5782.271 / Time: 0h:3m:26s (0h:0m:8s left)
Iteration 490 / LogL: -5778.250 / Time: 0h:3m:31s (0h:0m:4s left)
Iteration 500 / LogL: -5793.309 / Time: 0h:3m:36s (0h:0m:0s left)
Log-likelihood cutoff on original alignment: -5813.058
NOTE: Bootstrap correlation coefficient of split occurrence frequencies: 0.980
NOTE: UFBoot does not converge, continue at least 100 more iterations
Iteration 510 / LogL: -5772.889 / Time: 0h:3m:42s (0h:0m:39s left)
Iteration 520 / LogL: -5772.888 / Time: 0h:3m:47s (0h:0m:35s left)
Iteration 530 / LogL: -5772.888 / Time: 0h:3m:52s (0h:0m:30s left)
Iteration 540 / LogL: -5772.888 / Time: 0h:3m:57s (0h:0m:26s left)
Iteration 550 / LogL: -5772.889 / Time: 0h:4m:2s (0h:0m:22s left)
Log-likelihood cutoff on original alignment: -5813.052
Iteration 560 / LogL: -5772.889 / Time: 0h:4m:8s (0h:0m:17s left)
Iteration 570 / LogL: -5776.929 / Time: 0h:4m:15s (0h:0m:13s left)
Iteration 580 / LogL: -5772.884 / Time: 0h:4m:21s (0h:0m:9s left)
Iteration 590 / LogL: -5798.995 / Time: 0h:4m:25s (0h:0m:4s left)
Iteration 600 / LogL: -5772.893 / Time: 0h:4m:30s (0h:0m:0s left)
Log-likelihood cutoff on original alignment: -5813.052
NOTE: Bootstrap correlation coefficient of split occurrence frequencies: 0.988
NOTE: UFBoot does not converge, continue at least 100 more iterations
Iteration 610 / LogL: -5772.894 / Time: 0h:4m:36s (0h:0m:40s left)
BETTER TREE FOUND at iteration 619: -5772.882
Iteration 620 / LogL: -5772.885 / Time: 0h:4m:42s (0h:0m:45s left)
Iteration 630 / LogL: -5772.892 / Time: 0h:4m:47s (0h:0m:40s left)
Iteration 640 / LogL: -5798.454 / Time: 0h:4m:53s (0h:0m:36s left)
Iteration 650 / LogL: -5772.893 / Time: 0h:4m:59s (0h:0m:31s left)
Log-likelihood cutoff on original alignment: -5813.052
Iteration 660 / LogL: -5772.894 / Time: 0h:5m:7s (0h:0m:27s left)
Iteration 670 / LogL: -5772.886 / Time: 0h:5m:14s (0h:0m:23s left)
Iteration 680 / LogL: -5772.890 / Time: 0h:5m:20s (0h:0m:18s left)
Iteration 690 / LogL: -5781.484 / Time: 0h:5m:27s (0h:0m:13s left)
Iteration 700 / LogL: -5772.896 / Time: 0h:5m:33s (0h:0m:9s left)
Log-likelihood cutoff on original alignment: -5813.051
NOTE: Bootstrap correlation coefficient of split occurrence frequencies: 0.988
NOTE: UFBoot does not converge, continue at least 100 more iterations
Iteration 710 / LogL: -5777.953 / Time: 0h:5m:41s (0h:0m:43s left)
Iteration 720 / LogL: -5772.889 / Time: 0h:5m:47s (0h:0m:38s left)
Iteration 730 / LogL: -5772.892 / Time: 0h:5m:54s (0h:0m:34s left)
Iteration 740 / LogL: -5795.388 / Time: 0h:6m:1s (0h:0m:29s left)
Iteration 750 / LogL: -5772.890 / Time: 0h:6m:8s (0h:0m:24s left)
Log-likelihood cutoff on original alignment: -5813.051
BETTER TREE FOUND at iteration 758: -5772.882
Iteration 760 / LogL: -5772.885 / Time: 0h:6m:16s (0h:0m:48s left)
Iteration 770 / LogL: -5772.886 / Time: 0h:6m:23s (0h:0m:43s left)
Iteration 780 / LogL: -5772.904 / Time: 0h:6m:30s (0h:0m:39s left)
Iteration 790 / LogL: -5772.898 / Time: 0h:6m:37s (0h:0m:34s left)
Iteration 800 / LogL: -5772.885 / Time: 0h:6m:44s (0h:0m:29s left)
Log-likelihood cutoff on original alignment: -5813.208
NOTE: Bootstrap correlation coefficient of split occurrence frequencies: 0.985
NOTE: UFBoot does not converge, continue at least 100 more iterations
Iteration 810 / LogL: -5803.037 / Time: 0h:6m:51s (0h:0m:45s left)
Iteration 820 / LogL: -5772.889 / Time: 0h:6m:58s (0h:0m:40s left)
Iteration 830 / LogL: -5772.888 / Time: 0h:7m:5s (0h:0m:35s left)
Iteration 840 / LogL: -5797.977 / Time: 0h:7m:13s (0h:0m:30s left)
Iteration 850 / LogL: -5772.889 / Time: 0h:7m:20s (0h:0m:25s left)
Log-likelihood cutoff on original alignment: -5813.208
Iteration 860 / LogL: -5772.888 / Time: 0h:7m:27s (0h:0m:20s left)
Iteration 870 / LogL: -5772.883 / Time: 0h:7m:36s (0h:0m:15s left)
Iteration 880 / LogL: -5772.895 / Time: 0h:7m:43s (0h:0m:10s left)
Iteration 890 / LogL: -5782.021 / Time: 0h:7m:50s (0h:0m:5s left)
Iteration 900 / LogL: -5779.045 / Time: 0h:7m:58s (0h:0m:0s left)
Log-likelihood cutoff on original alignment: -5813.208
NOTE: Bootstrap correlation coefficient of split occurrence frequencies: 0.987
NOTE: UFBoot does not converge, continue at least 100 more iterations
Iteration 910 / LogL: -5796.112 / Time: 0h:8m:6s (0h:0m:48s left)
Iteration 920 / LogL: -5788.556 / Time: 0h:8m:15s (0h:0m:43s left)
Iteration 930 / LogL: -5772.887 / Time: 0h:8m:22s (0h:0m:37s left)
Iteration 940 / LogL: -5776.742 / Time: 0h:8m:30s (0h:0m:32s left)
Iteration 950 / LogL: -5775.630 / Time: 0h:8m:37s (0h:0m:27s left)
Log-likelihood cutoff on original alignment: -5814.187
Iteration 960 / LogL: -5780.939 / Time: 0h:8m:45s (0h:0m:21s left)
Iteration 970 / LogL: -5772.896 / Time: 0h:8m:53s (0h:0m:16s left)
Iteration 980 / LogL: -5782.526 / Time: 0h:9m:0s (0h:0m:11s left)
Iteration 990 / LogL: -5772.894 / Time: 0h:9m:8s (0h:0m:5s left)
Iteration 1000 / LogL: -5777.817 / Time: 0h:9m:15s (0h:0m:0s left)
Log-likelihood cutoff on original alignment: -5814.187
NOTE: Bootstrap correlation coefficient of split occurrence frequencies: 0.986
NOTE: UFBoot does not converge, continue at least 100 more iterations
WARNING: bootstrap analysis did not converge. You should rerun with higher number of iterations (-nm option)
TREE SEARCH COMPLETED AFTER 1001 ITERATIONS / Time: 0h:9m:16s

--------------------------------------------------------------------
|                    FINALIZING TREE SEARCH                        |
--------------------------------------------------------------------
Performs final model parameters optimization
Estimate model parameters (epsilon = 0.010)
1. Initial log-likelihood: -5772.882
Optimal log-likelihood: -5772.882
Rate parameters:  A-C: 2.26891  A-G: 18.80549  A-T: 2.26891  C-G: 1.00000  C-T: 18.80549  G-T: 1.00000
Base frequencies:  A: 0.347  C: 0.182  G: 0.216  T: 0.255
Gamma shape alpha: 0.490
Parameters optimization took 1 rounds (0.032 sec)
BEST SCORE FOUND : -5772.882

Testing tree branches by SH-like aLRT with 1000 replicates...
5.549 sec.
Creating bootstrap support values...
Split supports printed to NEXUS file H1avN2_France_2020-2022.HA.mafft.fasta.splits.nex
Total tree length: 0.270

Total number of iterations: 1001
CPU time used for tree search: 553.643 sec (0h:9m:13s)
Wall-clock time used for tree search: 556.266 sec (0h:9m:16s)
Total CPU time used: 560.126 sec (0h:9m:20s)
Total wall-clock time used: 563.103 sec (0h:9m:23s)

Computing bootstrap consensus tree...
Reading input file H1avN2_France_2020-2022.HA.mafft.fasta.splits.nex...
133 taxa and 4212 splits.
Consensus tree written to H1avN2_France_2020-2022.HA.mafft.fasta.contree
Reading input trees file H1avN2_France_2020-2022.HA.mafft.fasta.contree
Log-likelihood of consensus tree: -5772.952

Analysis results written to: 
  IQ-TREE report:                H1avN2_France_2020-2022.HA.mafft.fasta.iqtree
  Maximum-likelihood tree:       H1avN2_France_2020-2022.HA.mafft.fasta.treefile
  Likelihood distances:          H1avN2_France_2020-2022.HA.mafft.fasta.mldist

Ultrafast bootstrap approximation results written to:
  Split support values:          H1avN2_France_2020-2022.HA.mafft.fasta.splits.nex
  Consensus tree:                H1avN2_France_2020-2022.HA.mafft.fasta.contree
  Screen log file:               H1avN2_France_2020-2022.HA.mafft.fasta.log

Date and Time: Tue Oct  8 14:11:14 2024
